<?xml version="1.0" encoding="UTF-8"?>
<testng-results ignored="0" total="3" passed="3" failed="0" skipped="0">
  <reporter-output>
  </reporter-output>
  <suite started-at="2023-01-23T16:29:35 IST" name="Default suite" finished-at="2023-01-23T16:29:40 IST" duration-ms="5050">
    <groups>
    </groups>
    <test started-at="2023-01-23T16:29:35 IST" name="Default test" finished-at="2023-01-23T16:29:40 IST" duration-ms="5050">
      <class name="restAssuredExercise.Exercise">
        <test-method is-config="true" signature="before()[pri:0, instance:restAssuredExercise.Exercise@1a18644]" started-at="2023-01-23T16:29:35 IST" name="before" finished-at="2023-01-23T16:29:35 IST" duration-ms="598" status="PASS">
          <reporter-output>
          </reporter-output>
        </test-method> <!-- before -->
        <test-method signature="test_01()[pri:0, instance:restAssuredExercise.Exercise@1a18644]" started-at="2023-01-23T16:29:35 IST" name="test_01" finished-at="2023-01-23T16:29:39 IST" duration-ms="3460" status="PASS">
          <reporter-output>
          </reporter-output>
        </test-method> <!-- test_01 -->
        <test-method signature="test_02()[pri:0, instance:restAssuredExercise.Exercise@1a18644]" started-at="2023-01-23T16:29:39 IST" name="test_02" finished-at="2023-01-23T16:29:39 IST" duration-ms="524" status="PASS">
          <reporter-output>
          </reporter-output>
        </test-method> <!-- test_02 -->
        <test-method signature="test_03()[pri:0, instance:restAssuredExercise.Exercise@1a18644]" started-at="2023-01-23T16:29:39 IST" name="test_03" finished-at="2023-01-23T16:29:40 IST" duration-ms="418" status="PASS">
          <reporter-output>
          </reporter-output>
        </test-method> <!-- test_03 -->
      </class> <!-- restAssuredExercise.Exercise -->
    </test> <!-- Default test -->
  </suite> <!-- Default suite -->
</testng-results>
