<?xml version="1.0" encoding="UTF-8"?>
<!-- Generated by org.testng.reporters.JUnitXMLReporter -->
<testsuite ignored="0" hostname="WKWIN3623033" failures="0" tests="3" name="Default test" time="5.05" errors="0" timestamp="2023-01-23T16:29:40 IST">
  <testcase classname="restAssuredExercise.Exercise" name="test_01" time="3.46"/>
  <testcase classname="restAssuredExercise.Exercise" name="test_02" time="0.524"/>
  <testcase classname="restAssuredExercise.Exercise" name="test_03" time="0.418"/>
</testsuite> <!-- Default test -->
